<?xml version="1.0" encoding="UTF-8"?>
<!-- Generated by org.testng.reporters.JUnitReportReporter -->
<testsuite hostname="LAPTOP-KGDMBK1V" failures="0" tests="1" name="com.testingshastra.uitests.homepagetests.HomePageTests" time="33.463" errors="0" timestamp="26 Sep 2021 11:37:48 GMT" skipped="0">
  <testcase classname="com.testingshastra.uitests.homepagetests.HomePageTests" name="verifyTitleOfHOmePage" time="33.463"/>
</testsuite> <!-- com.testingshastra.uitests.homepagetests.HomePageTests -->
